TN:
SF:src\middlewares\asyncHandler.middleware.js
FN:1,(anonymous_0)
FN:2,(anonymous_1)
FNF:2
FNH:2
FNDA:34,(anonymous_0)
FNDA:25,(anonymous_1)
DA:1,7
DA:2,34
DA:3,25
LF:3
LH:3
BRF:0
BRH:0
end_of_record
TN:
SF:src\middlewares\auth.middleware.js
FN:3,(anonymous_0)
FN:11,(anonymous_1)
FN:32,(anonymous_2)
FN:33,(anonymous_3)
FNF:4
FNH:4
FNDA:31,(anonymous_0)
FNDA:43,(anonymous_1)
FNDA:19,(anonymous_2)
FNDA:18,(anonymous_3)
DA:3,6
DA:4,31
DA:5,31
DA:6,0
DA:8,31
DA:11,6
DA:12,43
DA:14,43
DA:15,12
DA:18,31
DA:20,31
DA:21,31
DA:22,31
DA:23,31
DA:25,0
DA:26,0
DA:28,0
DA:32,6
DA:33,19
DA:34,18
DA:35,0
DA:38,18
DA:39,7
DA:42,11
LF:24
LH:19
BRDA:5,0,0,0
BRDA:5,0,1,31
BRDA:14,1,0,12
BRDA:14,1,1,31
BRDA:25,2,0,0
BRDA:25,2,1,0
BRDA:34,3,0,0
BRDA:34,3,1,18
BRDA:38,4,0,7
BRDA:38,4,1,11
BRF:10
BRH:6
end_of_record
TN:
SF:src\middlewares\errorHandler.middleware.js
FN:3,(anonymous_0)
FN:19,(anonymous_1)
FNF:2
FNH:1
FNDA:4,(anonymous_0)
FNDA:0,(anonymous_1)
DA:3,6
DA:4,4
DA:5,4
DA:7,4
DA:8,0
DA:10,4
DA:13,4
DA:19,6
DA:20,0
DA:21,0
DA:22,0
DA:23,0
LF:12
LH:7
BRDA:4,0,0,4
BRDA:4,0,1,3
BRDA:5,1,0,4
BRDA:5,1,1,0
BRDA:7,2,0,0
BRDA:7,2,1,4
BRDA:15,3,0,4
BRDA:15,3,1,0
BRF:8
BRH:5
end_of_record
TN:
SF:src\middlewares\requestLogger.middleware.js
FN:3,(anonymous_0)
FN:6,(anonymous_1)
FNF:2
FNH:0
FNDA:0,(anonymous_0)
FNDA:0,(anonymous_1)
DA:3,0
DA:4,0
DA:6,0
DA:7,0
DA:8,0
DA:10,0
DA:11,0
DA:12,0
DA:13,0
DA:15,0
DA:19,0
LF:11
LH:0
BRDA:10,0,0,0
BRDA:10,0,1,0
BRDA:12,1,0,0
BRDA:12,1,1,0
BRF:4
BRH:0
end_of_record
TN:
SF:src\middlewares\role.middleware.js
FN:3,(anonymous_0)
FN:4,(anonymous_1)
FNF:2
FNH:2
FNDA:5,(anonymous_0)
FNDA:8,(anonymous_1)
DA:3,2
DA:4,5
DA:5,8
DA:6,0
DA:9,8
DA:10,2
DA:13,6
LF:7
LH:6
BRDA:5,0,0,0
BRDA:5,0,1,8
BRDA:9,1,0,2
BRDA:9,1,1,6
BRF:4
BRH:3
end_of_record
TN:
SF:src\middlewares\security.middleware.js
FNF:0
FNH:0
DA:5,0
LF:1
LH:0
BRF:0
BRH:0
end_of_record
TN:
SF:src\middlewares\validate.middleware.js
FN:3,(anonymous_0)
FN:4,(anonymous_1)
FN:21,(anonymous_2)
FNF:3
FNH:3
FNDA:19,(anonymous_0)
FNDA:25,(anonymous_1)
FNDA:23,(anonymous_2)
DA:3,5
DA:4,19
DA:5,25
DA:6,25
DA:7,25
DA:9,25
DA:10,7
DA:11,4
DA:12,3
DA:14,1
DA:17,11
DA:19,14
DA:20,14
DA:21,14
DA:22,23
DA:23,23
DA:25,14
DA:30,0
LF:18
LH:17
BRDA:3,0,0,19
BRDA:6,1,0,18
BRDA:6,1,1,7
BRDA:6,2,0,5
BRDA:6,2,1,2
BRDA:9,3,0,7
BRDA:9,3,1,4
BRDA:11,4,0,3
BRDA:11,4,1,1
BRDA:19,5,0,14
BRDA:19,5,1,0
BRDA:19,6,0,14
BRDA:19,6,1,0
BRDA:20,7,0,14
BRDA:20,7,1,0
BRDA:20,7,2,0
BRDA:22,8,0,23
BRDA:22,8,1,0
BRDA:32,9,0,0
BRDA:32,9,1,0
BRF:20
BRH:13
end_of_record
TN:
SF:src\modules\analytics\analytics.controller.js
FN:6,(anonymous_0)
FN:11,(anonymous_1)
FN:17,(anonymous_2)
FN:23,(anonymous_3)
FN:28,(anonymous_4)
FNF:5
FNH:4
FNDA:1,(anonymous_0)
FNDA:2,(anonymous_1)
FNDA:1,(anonymous_2)
FNDA:0,(anonymous_3)
FNDA:1,(anonymous_4)
DA:6,1
DA:7,1
DA:8,1
DA:11,1
DA:12,2
DA:13,2
DA:14,2
DA:17,1
DA:18,1
DA:19,1
DA:20,1
DA:23,1
DA:24,0
DA:25,0
DA:28,1
DA:29,1
DA:30,1
DA:32,1
DA:33,1
LF:19
LH:17
BRDA:12,0,0,2
BRDA:12,0,1,2
BRDA:18,1,0,1
BRDA:18,1,1,1
BRDA:30,2,0,0
BRDA:30,2,1,1
BRF:6
BRH:5
end_of_record
TN:
SF:src\modules\analytics\analytics.routes.js
FNF:0
FNH:0
DA:11,1
DA:13,1
DA:15,1
DA:16,1
DA:17,1
DA:18,1
DA:19,1
LF:7
LH:7
BRF:0
BRH:0
end_of_record
TN:
SF:src\modules\analytics\analytics.service.js
FN:3,(anonymous_0)
FN:23,(anonymous_1)
FN:39,(anonymous_2)
FN:57,(anonymous_3)
FN:67,(anonymous_4)
FNF:5
FNH:4
FNDA:1,(anonymous_0)
FNDA:2,(anonymous_1)
FNDA:1,(anonymous_2)
FNDA:0,(anonymous_3)
FNDA:1,(anonymous_4)
DA:3,1
DA:4,1
DA:13,1
DA:23,1
DA:24,2
DA:36,2
DA:39,1
DA:40,1
DA:54,1
DA:57,1
DA:58,0
DA:64,0
DA:67,1
DA:68,1
DA:75,1
LF:15
LH:13
BRDA:23,0,0,2
BRDA:39,1,0,1
BRF:2
BRH:2
end_of_record
TN:
SF:src\modules\audit\audit.controller.js
FN:4,(anonymous_0)
FNF:1
FNH:1
FNDA:1,(anonymous_0)
DA:4,1
DA:5,1
DA:7,1
DA:17,1
LF:4
LH:4
BRDA:8,0,0,0
BRDA:8,0,1,1
BRDA:13,1,0,1
BRDA:13,1,1,1
BRDA:14,2,0,1
BRDA:14,2,1,1
BRF:6
BRH:5
end_of_record
TN:
SF:src\modules\audit\audit.middleware.js
FN:3,(anonymous_0)
FN:4,(anonymous_1)
FN:7,(anonymous_2)
FN:18,(anonymous_3)
FNF:4
FNH:0
FNDA:0,(anonymous_0)
FNDA:0,(anonymous_1)
FNDA:0,(anonymous_2)
FNDA:0,(anonymous_3)
DA:3,0
DA:4,0
DA:5,0
DA:7,0
DA:8,0
DA:10,0
DA:18,0
DA:20,0
DA:23,0
LF:9
LH:0
BRDA:3,0,0,0
BRDA:8,1,0,0
BRDA:8,1,1,0
BRDA:15,2,0,0
BRDA:15,2,1,0
BRF:5
BRH:0
end_of_record
TN:
SF:src\modules\audit\audit.routes.js
FNF:0
FNH:0
DA:5,1
DA:7,1
DA:8,1
DA:10,1
LF:4
LH:4
BRF:0
BRH:0
end_of_record
TN:
SF:src\modules\audit\audit.service.js
FN:3,(anonymous_0)
FN:19,(anonymous_1)
FNF:2
FNH:1
FNDA:0,(anonymous_0)
FNDA:1,(anonymous_1)
DA:3,1
DA:4,0
DA:19,1
DA:20,1
DA:26,1
DA:27,1
DA:29,1
DA:30,0
DA:31,0
DA:34,1
DA:35,0
DA:36,0
DA:39,1
DA:40,0
DA:41,0
DA:44,1
DA:45,0
DA:46,0
DA:49,1
DA:50,0
DA:51,0
DA:54,1
DA:55,1
DA:57,1
DA:58,1
LF:25
LH:14
BRDA:8,0,0,0
BRDA:8,0,1,0
BRDA:11,1,0,0
BRDA:11,1,1,0
BRDA:12,2,0,0
BRDA:12,2,1,0
BRDA:13,3,0,0
BRDA:13,3,1,0
BRDA:14,4,0,0
BRDA:14,4,1,0
BRDA:15,5,0,0
BRDA:15,5,1,0
BRDA:19,6,0,1
BRDA:19,7,0,1
BRDA:19,8,0,1
BRDA:29,9,0,0
BRDA:29,9,1,1
BRDA:34,10,0,0
BRDA:34,10,1,1
BRDA:39,11,0,0
BRDA:39,11,1,1
BRDA:44,12,0,0
BRDA:44,12,1,1
BRDA:49,13,0,0
BRDA:49,13,1,1
BRF:25
BRH:8
end_of_record
TN:
SF:src\modules\auth\auth.controller.js
FN:4,(anonymous_0)
FN:9,(anonymous_1)
FNF:2
FNH:2
FNDA:1,(anonymous_0)
FNDA:2,(anonymous_1)
DA:4,1
DA:5,1
DA:6,1
DA:9,1
DA:10,2
DA:11,1
LF:6
LH:6
BRF:0
BRH:0
end_of_record
TN:
SF:src\modules\auth\auth.routes.js
FNF:0
FNH:0
DA:7,1
DA:9,1
DA:10,1
LF:3
LH:3
BRF:0
BRH:0
end_of_record
TN:
SF:src\modules\auth\auth.schema.js
FNF:0
FNH:0
DA:3,1
DA:10,1
LF:2
LH:2
BRF:0
BRH:0
end_of_record
TN:
SF:src\modules\auth\auth.service.js
FN:6,(anonymous_0)
FN:14,(anonymous_1)
FN:47,(anonymous_2)
FNF:3
FNH:3
FNDA:3,(anonymous_0)
FNDA:10,(anonymous_1)
FNDA:7,(anonymous_2)
DA:6,2
DA:7,3
DA:8,3
DA:9,0
DA:11,3
DA:14,2
DA:15,10
DA:17,7
DA:18,7
DA:20,6
DA:22,5
DA:23,5
DA:24,2
DA:25,2
DA:26,1
DA:29,4
DA:31,4
DA:32,4
DA:36,2
DA:38,2
DA:39,2
DA:40,1
DA:41,0
DA:43,0
DA:47,2
DA:48,7
DA:50,6
DA:51,6
DA:54,6
DA:55,6
DA:57,6
DA:59,3
DA:65,7
LF:33
LH:30
BRDA:8,0,0,0
BRDA:8,0,1,3
BRDA:15,1,0,3
BRDA:15,1,1,7
BRDA:15,2,0,10
BRDA:15,2,1,8
BRDA:18,3,0,1
BRDA:18,3,1,6
BRDA:20,4,0,1
BRDA:20,4,1,5
BRDA:23,5,0,2
BRDA:23,5,1,3
BRDA:25,6,0,1
BRDA:25,6,1,1
BRDA:34,7,0,4
BRDA:34,7,1,4
BRDA:38,8,0,2
BRDA:38,8,1,0
BRDA:39,9,0,1
BRDA:39,9,1,1
BRDA:40,10,0,1
BRDA:40,10,1,0
BRDA:48,11,0,1
BRDA:48,11,1,6
BRDA:48,12,0,7
BRDA:48,12,1,6
BRDA:55,13,0,5
BRDA:55,13,1,1
BRDA:57,14,0,3
BRDA:57,14,1,3
BRDA:57,15,0,6
BRDA:57,15,1,5
BRDA:60,16,0,3
BRDA:60,16,1,1
BRDA:67,17,0,7
BRDA:67,17,1,1
BRF:36
BRH:33
end_of_record
TN:
SF:src\modules\availability\availability.controller.js
FN:6,(anonymous_0)
FN:11,(anonymous_1)
FN:19,(anonymous_2)
FN:35,(anonymous_3)
FNF:4
FNH:0
FNDA:0,(anonymous_0)
FNDA:0,(anonymous_1)
FNDA:0,(anonymous_2)
FNDA:0,(anonymous_3)
DA:6,0
DA:7,0
DA:8,0
DA:11,0
DA:12,0
DA:13,0
DA:15,0
DA:16,0
DA:19,0
DA:20,0
DA:22,0
DA:23,0
DA:25,0
DA:32,0
DA:35,0
DA:36,0
DA:37,0
DA:39,0
DA:40,0
LF:19
LH:0
BRDA:13,0,0,0
BRDA:13,0,1,0
BRDA:23,1,0,0
BRDA:23,1,1,0
BRDA:37,2,0,0
BRDA:37,2,1,0
BRF:6
BRH:0
end_of_record
TN:
SF:src\modules\availability\availability.routes.js
FNF:0
FNH:0
DA:12,0
DA:15,0
DA:23,0
DA:26,0
DA:34,0
LF:5
LH:0
BRF:0
BRH:0
end_of_record
TN:
SF:src\modules\availability\availability.schema.js
FN:7,(anonymous_0)
FNF:1
FNH:0
FNDA:0,(anonymous_0)
DA:3,0
DA:8,0
DA:9,0
DA:15,0
DA:18,0
LF:5
LH:0
BRDA:8,0,0,0
BRDA:8,0,1,0
BRF:2
BRH:0
end_of_record
TN:
SF:src\modules\availability\availability.service.js
FN:4,(anonymous_0)
FN:6,(anonymous_1)
FN:16,(anonymous_2)
FN:51,(anonymous_3)
FNF:4
FNH:0
FNDA:0,(anonymous_0)
FNDA:0,(anonymous_1)
FNDA:0,(anonymous_2)
FNDA:0,(anonymous_3)
DA:4,0
DA:6,0
DA:7,0
DA:13,0
DA:16,0
DA:18,0
DA:19,0
DA:21,0
DA:22,0
DA:24,0
DA:25,0
DA:27,0
DA:28,0
DA:31,0
DA:38,0
DA:39,0
DA:42,0
DA:48,0
DA:51,0
DA:53,0
DA:54,0
DA:57,0
DA:62,0
DA:64,0
LF:24
LH:0
BRDA:18,0,0,0
BRDA:18,0,1,0
BRDA:18,1,0,0
BRDA:18,1,1,0
BRDA:18,1,2,0
BRDA:18,1,3,0
BRDA:21,2,0,0
BRDA:21,2,1,0
BRDA:21,3,0,0
BRDA:21,3,1,0
BRDA:21,3,2,0
BRDA:24,4,0,0
BRDA:24,4,1,0
BRDA:24,5,0,0
BRDA:24,5,1,0
BRDA:27,6,0,0
BRDA:27,6,1,0
BRDA:38,7,0,0
BRDA:38,7,1,0
BRDA:53,8,0,0
BRDA:53,8,1,0
BRDA:53,9,0,0
BRDA:53,9,1,0
BRDA:62,10,0,0
BRDA:62,10,1,0
BRF:25
BRH:0
end_of_record
TN:
SF:src\modules\booking\booking.controller.js
FN:6,(anonymous_0)
FN:18,(anonymous_1)
FN:23,(anonymous_2)
FN:28,(anonymous_3)
FN:33,(anonymous_4)
FNF:5
FNH:4
FNDA:0,(anonymous_0)
FNDA:1,(anonymous_1)
FNDA:1,(anonymous_2)
FNDA:1,(anonymous_3)
FNDA:2,(anonymous_4)
DA:6,1
DA:7,0
DA:15,0
DA:18,1
DA:19,1
DA:20,1
DA:23,1
DA:24,1
DA:25,1
DA:28,1
DA:29,1
DA:30,1
DA:33,1
DA:34,2
DA:36,2
DA:37,1
DA:40,1
DA:41,1
LF:18
LH:16
BRDA:36,0,0,1
BRDA:36,0,1,1
BRF:2
BRH:2
end_of_record
TN:
SF:src\modules\booking\booking.email.js
FN:1,(anonymous_0)
FNF:1
FNH:0
FNDA:0,(anonymous_0)
DA:1,2
DA:2,0
DA:4,0
LF:3
LH:1
BRDA:2,0,0,0
BRDA:2,0,1,0
BRDA:2,1,0,0
BRDA:2,1,1,0
BRDA:14,2,0,0
BRDA:14,2,1,0
BRF:6
BRH:0
end_of_record
TN:
SF:src\modules\booking\booking.routes.js
FNF:0
FNH:0
DA:14,1
DA:16,1
DA:17,1
DA:18,1
DA:19,1
DA:20,1
LF:6
LH:6
BRF:0
BRH:0
end_of_record
TN:
SF:src\modules\booking\booking.schema.js
FN:11,(anonymous_0)
FNF:1
FNH:1
FNDA:1,(anonymous_0)
DA:3,1
DA:10,1
DA:11,1
DA:15,1
LF:4
LH:4
BRF:0
BRH:0
end_of_record
TN:
SF:src\modules\booking\booking.service.js
FN:8,(anonymous_0)
FN:13,(anonymous_1)
FN:14,(anonymous_2)
FN:16,(anonymous_3)
FN:33,(anonymous_4)
FN:77,(anonymous_5)
FN:137,(anonymous_6)
FN:151,(anonymous_7)
FN:163,(anonymous_8)
FN:180,(anonymous_9)
FN:200,(anonymous_10)
FN:228,(anonymous_11)
FN:253,(anonymous_12)
FNF:13
FNH:10
FNDA:4,(anonymous_0)
FNDA:11,(anonymous_1)
FNDA:6,(anonymous_2)
FNDA:0,(anonymous_3)
FNDA:8,(anonymous_4)
FNDA:0,(anonymous_5)
FNDA:0,(anonymous_6)
FNDA:2,(anonymous_7)
FNDA:4,(anonymous_8)
FNDA:6,(anonymous_9)
FNDA:14,(anonymous_10)
FNDA:12,(anonymous_11)
FNDA:2,(anonymous_12)
DA:8,2
DA:9,4
DA:10,4
DA:13,11
DA:14,6
DA:16,2
DA:17,0
DA:30,0
DA:33,2
DA:34,8
DA:35,7
DA:36,6
DA:37,5
DA:39,4
DA:41,4
DA:42,4
DA:44,4
DA:49,4
DA:50,4
DA:52,3
DA:56,3
DA:58,2
DA:59,2
DA:60,1
DA:63,1
DA:65,1
DA:71,1
DA:73,0
DA:74,0
DA:75,0
DA:77,0
DA:78,0
DA:79,0
DA:80,0
DA:83,0
DA:85,0
DA:90,0
DA:91,0
DA:92,0
DA:93,0
DA:94,0
DA:95,0
DA:99,0
DA:109,0
DA:111,0
DA:117,0
DA:123,0
DA:125,0
DA:127,0
DA:137,0
DA:139,0
DA:142,4
DA:143,4
DA:144,4
DA:145,4
DA:147,4
DA:151,2
DA:152,2
DA:160,2
DA:163,2
DA:164,4
DA:165,1
DA:168,3
DA:175,3
DA:177,2
DA:180,2
DA:181,6
DA:182,4
DA:184,3
DA:186,3
DA:192,3
DA:194,2
DA:198,2
DA:200,6
DA:201,14
DA:202,14
DA:203,14
DA:206,6
DA:208,6
DA:209,2
DA:210,2
DA:211,14
DA:212,14
DA:213,12
DA:214,12
DA:218,2
DA:223,2
DA:228,2
DA:229,12
DA:230,12
DA:231,12
DA:233,12
DA:234,0
DA:235,0
DA:236,0
DA:237,0
DA:238,0
DA:242,12
DA:243,0
DA:244,0
DA:245,0
DA:246,0
DA:249,12
DA:253,2
DA:254,2
DA:263,2
LF:106
LH:71
BRDA:33,0,0,8
BRDA:34,1,0,1
BRDA:34,1,1,7
BRDA:34,2,0,8
BRDA:34,2,1,7
BRDA:34,2,2,7
BRDA:34,2,3,7
BRDA:35,3,0,1
BRDA:35,3,1,6
BRDA:36,4,0,1
BRDA:36,4,1,5
BRDA:37,5,0,1
BRDA:37,5,1,4
BRDA:37,6,0,5
BRDA:37,6,1,4
BRDA:50,7,0,1
BRDA:50,7,1,3
BRDA:56,8,0,1
BRDA:56,8,1,2
BRDA:59,9,0,1
BRDA:59,9,1,1
BRDA:59,10,0,2
BRDA:59,10,1,1
BRDA:71,11,0,1
BRDA:71,11,1,0
BRDA:80,12,0,0
BRDA:80,12,1,0
BRDA:83,13,0,0
BRDA:83,13,1,0
BRDA:91,14,0,0
BRDA:91,14,1,0
BRDA:92,15,0,0
BRDA:92,15,1,0
BRDA:92,16,0,0
BRDA:92,16,1,0
BRDA:95,17,0,0
BRDA:95,17,1,0
BRDA:95,18,0,0
BRDA:95,18,1,0
BRDA:109,19,0,0
BRDA:109,19,1,0
BRDA:143,20,0,0
BRDA:143,20,1,4
BRDA:144,21,0,0
BRDA:144,21,1,4
BRDA:145,22,0,4
BRDA:145,22,1,0
BRDA:164,23,0,1
BRDA:164,23,1,3
BRDA:164,24,0,4
BRDA:164,24,1,3
BRDA:175,25,0,1
BRDA:175,25,1,2
BRDA:181,26,0,2
BRDA:181,26,1,4
BRDA:181,27,0,6
BRDA:181,27,1,5
BRDA:182,28,0,1
BRDA:182,28,1,3
BRDA:192,29,0,1
BRDA:192,29,1,2
BRDA:198,30,0,2
BRDA:198,30,1,0
BRDA:212,31,0,2
BRDA:212,31,1,12
BRDA:234,32,0,0
BRDA:234,32,1,0
BRDA:235,33,0,0
BRDA:235,33,1,0
BRDA:235,34,0,0
BRDA:235,34,1,0
BRDA:238,35,0,0
BRDA:238,35,1,0
BRDA:238,36,0,0
BRDA:238,36,1,0
BRDA:246,37,0,0
BRDA:246,37,1,0
BRDA:246,38,0,0
BRDA:246,38,1,0
BRF:79
BRH:44
end_of_record
TN:
SF:src\modules\clinical-record\cie10.service.js
FN:4,(anonymous_0)
FN:28,(anonymous_1)
FN:35,(anonymous_2)
FN:44,(anonymous_3)
FN:54,(anonymous_4)
FN:61,(anonymous_5)
FN:68,(anonymous_6)
FNF:7
FNH:0
FNDA:0,(anonymous_0)
FNDA:0,(anonymous_1)
FNDA:0,(anonymous_2)
FNDA:0,(anonymous_3)
FNDA:0,(anonymous_4)
FNDA:0,(anonymous_5)
FNDA:0,(anonymous_6)
DA:4,1
DA:5,0
DA:6,0
DA:7,0
DA:9,0
DA:10,0
DA:11,0
DA:12,0
DA:15,0
DA:16,0
DA:17,0
DA:18,0
DA:21,0
DA:22,0
DA:24,0
DA:25,0
DA:28,1
DA:29,0
DA:31,0
DA:32,0
DA:35,1
DA:36,0
DA:41,0
DA:44,1
DA:45,0
DA:50,0
DA:51,0
DA:54,1
DA:55,0
DA:57,0
DA:58,0
DA:61,1
DA:62,0
DA:68,0
LF:34
LH:6
BRDA:4,0,0,0
BRDA:4,1,0,0
BRDA:4,2,0,0
BRDA:9,3,0,0
BRDA:9,3,1,0
BRDA:15,4,0,0
BRDA:15,4,1,0
BRDA:31,5,0,0
BRDA:31,5,1,0
BRDA:38,6,0,0
BRDA:38,6,1,0
BRDA:50,7,0,0
BRDA:50,7,1,0
BRDA:57,8,0,0
BRDA:57,8,1,0
BRF:15
BRH:0
end_of_record
TN:
SF:src\modules\clinical-record\clinical-record.controller.js
FN:8,(anonymous_0)
FN:40,(anonymous_1)
FN:56,(anonymous_2)
FN:72,(anonymous_3)
FN:84,(anonymous_4)
FN:97,(anonymous_5)
FN:105,(anonymous_6)
FN:110,(anonymous_7)
FN:118,(anonymous_8)
FN:126,(anonymous_9)
FN:134,(anonymous_10)
FN:147,(anonymous_11)
FN:152,(anonymous_12)
FNF:13
FNH:1
FNDA:1,(anonymous_0)
FNDA:0,(anonymous_1)
FNDA:0,(anonymous_2)
FNDA:0,(anonymous_3)
FNDA:0,(anonymous_4)
FNDA:0,(anonymous_5)
FNDA:0,(anonymous_6)
FNDA:0,(anonymous_7)
FNDA:0,(anonymous_8)
FNDA:0,(anonymous_9)
FNDA:0,(anonymous_10)
FNDA:0,(anonymous_11)
FNDA:0,(anonymous_12)
DA:8,1
DA:9,1
DA:10,1
DA:11,1
DA:13,1
DA:14,1
DA:15,1
DA:17,1
DA:24,1
DA:27,0
DA:28,0
DA:34,0
DA:37,0
DA:40,1
DA:41,0
DA:43,0
DA:44,0
DA:45,0
DA:48,0
DA:49,0
DA:52,0
DA:53,0
DA:56,1
DA:57,0
DA:59,0
DA:60,0
DA:63,0
DA:64,0
DA:65,0
DA:68,0
DA:69,0
DA:72,1
DA:73,0
DA:74,0
DA:76,0
DA:81,0
DA:84,1
DA:85,0
DA:86,0
DA:88,0
DA:94,0
DA:97,1
DA:98,0
DA:99,0
DA:101,0
DA:102,0
DA:105,1
DA:106,0
DA:107,0
DA:110,1
DA:111,0
DA:112,0
DA:114,0
DA:115,0
DA:118,1
DA:119,0
DA:120,0
DA:122,0
DA:123,0
DA:126,1
DA:127,0
DA:128,0
DA:130,0
DA:131,0
DA:134,1
DA:135,0
DA:137,0
DA:144,0
DA:147,1
DA:148,0
DA:149,0
DA:152,1
DA:153,0
DA:154,0
LF:74
LH:21
BRDA:10,0,0,1
BRDA:10,0,1,1
BRDA:11,1,0,1
BRDA:11,1,1,1
BRDA:13,2,0,1
BRDA:13,2,1,0
BRDA:15,3,0,0
BRDA:15,3,1,1
BRDA:19,4,0,0
BRDA:19,4,1,1
BRDA:27,5,0,0
BRDA:27,5,1,0
BRDA:29,6,0,0
BRDA:29,6,1,0
BRDA:43,7,0,0
BRDA:43,7,1,0
BRDA:45,8,0,0
BRDA:45,8,1,0
BRDA:45,9,0,0
BRDA:45,9,1,0
BRDA:48,10,0,0
BRDA:48,10,1,0
BRDA:48,11,0,0
BRDA:48,11,1,0
BRDA:59,12,0,0
BRDA:59,12,1,0
BRDA:59,13,0,0
BRDA:59,13,1,0
BRDA:63,14,0,0
BRDA:63,14,1,0
BRDA:65,15,0,0
BRDA:65,15,1,0
BRDA:74,16,0,0
BRDA:74,16,1,0
BRDA:86,17,0,0
BRDA:86,17,1,0
BRDA:99,18,0,0
BRDA:99,18,1,0
BRDA:112,19,0,0
BRDA:112,19,1,0
BRDA:120,20,0,0
BRDA:120,20,1,0
BRDA:128,21,0,0
BRDA:128,21,1,0
BRDA:140,22,0,0
BRDA:140,22,1,0
BRDA:141,23,0,0
BRDA:141,23,1,0
BRF:48
BRH:7
end_of_record
TN:
SF:src\modules\clinical-record\clinical-record.routes.js
FNF:0
FNH:0
DA:27,1
DA:29,1
DA:31,1
DA:32,1
DA:33,1
DA:34,1
DA:35,1
DA:36,1
DA:38,1
DA:39,1
DA:40,1
DA:41,1
DA:43,1
DA:44,1
DA:45,1
LF:15
LH:15
BRF:0
BRH:0
end_of_record
TN:
SF:src\modules\clinical-record\clinical-record.schema.js
FNF:0
FNH:0
DA:3,1
DA:14,1
DA:27,1
DA:32,1
DA:42,1
DA:46,1
DA:50,1
LF:7
LH:7
BRF:0
BRH:0
end_of_record
TN:
SF:src\modules\clinical-record\clinical-record.service.js
FN:4,(anonymous_0)
FN:39,(anonymous_1)
FN:56,(anonymous_2)
FN:69,(anonymous_3)
FN:103,(anonymous_4)
FN:161,(anonymous_5)
FNF:6
FNH:1
FNDA:1,(anonymous_0)
FNDA:0,(anonymous_1)
FNDA:0,(anonymous_2)
FNDA:0,(anonymous_3)
FNDA:0,(anonymous_4)
FNDA:0,(anonymous_5)
DA:4,1
DA:5,1
DA:14,1
DA:15,1
DA:17,1
DA:18,0
DA:19,0
DA:22,1
DA:23,1
DA:24,1
DA:27,1
DA:28,0
DA:29,0
DA:32,1
DA:33,1
DA:35,1
DA:36,1
DA:39,1
DA:40,0
DA:52,0
DA:53,0
DA:56,1
DA:57,0
DA:66,0
DA:69,1
DA:70,0
DA:72,0
DA:73,0
DA:75,0
DA:76,0
DA:78,0
DA:79,0
DA:80,0
DA:83,0
DA:85,0
DA:93,0
DA:94,0
DA:96,0
DA:97,0
DA:99,0
DA:103,1
DA:104,0
DA:106,0
DA:107,0
DA:109,0
DA:110,0
DA:112,0
DA:113,0
DA:116,0
DA:117,0
DA:120,0
DA:121,0
DA:122,0
DA:124,0
DA:126,0
DA:127,0
DA:128,0
DA:129,0
DA:130,0
DA:132,0
DA:133,0
DA:135,0
DA:139,0
DA:141,0
DA:142,0
DA:144,0
DA:151,0
DA:152,0
DA:154,0
DA:155,0
DA:157,0
DA:161,1
DA:162,0
DA:167,0
DA:168,0
LF:75
LH:18
BRDA:4,0,0,1
BRDA:4,1,0,1
BRDA:4,2,0,1
BRDA:17,3,0,0
BRDA:17,3,1,1
BRDA:22,4,0,1
BRDA:22,4,1,0
BRDA:27,5,0,0
BRDA:27,5,1,1
BRDA:52,6,0,0
BRDA:52,6,1,0
BRDA:76,7,0,0
BRDA:76,7,1,0
BRDA:78,8,0,0
BRDA:78,8,1,0
BRDA:80,9,0,0
BRDA:80,9,1,0
BRDA:91,10,0,0
BRDA:91,10,1,0
BRDA:91,11,0,0
BRDA:91,11,1,0
BRDA:91,12,0,0
BRDA:91,12,1,0
BRDA:91,13,0,0
BRDA:91,13,1,0
BRDA:91,14,0,0
BRDA:91,14,1,0
BRDA:91,15,0,0
BRDA:91,15,1,0
BRDA:91,16,0,0
BRDA:91,16,1,0
BRDA:91,17,0,0
BRDA:91,17,1,0
BRDA:110,18,0,0
BRDA:110,18,1,0
BRDA:112,19,0,0
BRDA:112,19,1,0
BRDA:116,20,0,0
BRDA:116,20,1,0
BRDA:127,21,0,0
BRDA:127,21,1,0
BRDA:128,22,0,0
BRDA:128,22,1,0
BRDA:139,23,0,0
BRDA:139,23,1,0
BRDA:167,24,0,0
BRDA:167,24,1,0
BRF:47
BRH:6
end_of_record
TN:
SF:src\modules\clinical-record\prescription.service.js
FN:4,(anonymous_0)
FN:14,(anonymous_1)
FN:26,(anonymous_2)
FN:60,(anonymous_3)
FN:79,(anonymous_4)
FNF:5
FNH:0
FNDA:0,(anonymous_0)
FNDA:0,(anonymous_1)
FNDA:0,(anonymous_2)
FNDA:0,(anonymous_3)
FNDA:0,(anonymous_4)
DA:4,1
DA:5,0
DA:11,0
DA:14,1
DA:15,0
DA:22,0
DA:23,0
DA:26,1
DA:27,0
DA:29,0
DA:30,0
DA:32,0
DA:37,0
DA:38,0
DA:40,0
DA:42,0
DA:50,0
DA:51,0
DA:53,0
DA:54,0
DA:56,0
DA:60,1
DA:61,0
DA:75,0
DA:76,0
DA:79,1
DA:80,0
DA:87,0
DA:88,0
LF:29
LH:5
BRDA:22,0,0,0
BRDA:22,0,1,0
BRDA:37,1,0,0
BRDA:37,1,1,0
BRDA:38,2,0,0
BRDA:38,2,1,0
BRDA:48,3,0,0
BRDA:48,3,1,0
BRDA:48,4,0,0
BRDA:48,4,1,0
BRDA:48,5,0,0
BRDA:48,5,1,0
BRDA:75,6,0,0
BRDA:75,6,1,0
BRDA:87,7,0,0
BRDA:87,7,1,0
BRF:16
BRH:0
end_of_record
TN:
SF:src\modules\confirmation\confirmation.controller.js
FN:4,(anonymous_0)
FNF:1
FNH:1
FNDA:2,(anonymous_0)
DA:4,1
DA:5,2
DA:6,1
LF:3
LH:3
BRF:0
BRH:0
end_of_record
TN:
SF:src\modules\confirmation\confirmation.routes.js
FNF:0
FNH:0
DA:6,1
DA:8,1
LF:2
LH:2
BRF:0
BRH:0
end_of_record
TN:
SF:src\modules\confirmation\confirmation.service.js
FN:4,(anonymous_0)
FNF:1
FNH:1
FNDA:6,(anonymous_0)
DA:4,2
DA:5,6
DA:7,6
DA:12,4
DA:13,1
DA:16,3
DA:18,3
DA:19,1
DA:22,2
DA:27,2
LF:10
LH:10
BRDA:12,0,0,1
BRDA:12,0,1,3
BRDA:18,1,0,1
BRDA:18,1,1,2
BRF:4
BRH:4
end_of_record
TN:
SF:src\modules\doctor\doctor.controller.js
FN:5,(anonymous_0)
FN:10,(anonymous_1)
FN:20,(anonymous_2)
FN:25,(anonymous_3)
FNF:4
FNH:3
FNDA:2,(anonymous_0)
FNDA:1,(anonymous_1)
FNDA:0,(anonymous_2)
FNDA:2,(anonymous_3)
DA:5,1
DA:6,2
DA:7,2
DA:10,1
DA:11,1
DA:12,1
DA:20,1
DA:21,0
DA:22,0
DA:25,1
DA:26,2
DA:27,2
DA:29,1
LF:13
LH:11
BRDA:27,0,0,1
BRDA:27,0,1,1
BRF:2
BRH:2
end_of_record
TN:
SF:src\modules\doctor\doctor.email.js
FN:1,(anonymous_0)
FNF:1
FNH:1
FNDA:2,(anonymous_0)
DA:1,8
DA:2,2
LF:2
LH:2
BRF:0
BRH:0
end_of_record
TN:
SF:src\modules\doctor\doctor.routes.js
FNF:0
FNH:0
DA:14,1
DA:16,1
DA:18,1
DA:20,1
DA:22,1
DA:24,1
LF:6
LH:6
BRF:0
BRH:0
end_of_record
TN:
SF:src\modules\doctor\doctor.schema.js
FNF:0
FNH:0
DA:3,1
DA:11,1
DA:18,1
LF:3
LH:3
BRF:0
BRH:0
end_of_record
TN:
SF:src\modules\doctor\doctor.service.js
FN:7,(anonymous_0)
FN:25,(anonymous_1)
FN:34,(anonymous_2)
FN:100,(anonymous_3)
FN:113,(anonymous_4)
FN:174,(anonymous_5)
FN:183,(anonymous_6)
FNF:7
FNH:6
FNDA:3,(anonymous_0)
FNDA:2,(anonymous_1)
FNDA:8,(anonymous_2)
FNDA:0,(anonymous_3)
FNDA:4,(anonymous_4)
FNDA:6,(anonymous_5)
FNDA:7,(anonymous_6)
DA:7,8
DA:8,3
DA:22,3
DA:25,8
DA:26,2
DA:27,2
DA:28,2
DA:29,24
DA:31,2
DA:34,8
DA:35,8
DA:36,2
DA:39,6
DA:41,6
DA:42,6
DA:44,6
DA:45,6
DA:47,5
DA:48,5
DA:49,2
DA:50,2
DA:51,1
DA:53,1
DA:54,1
DA:57,3
DA:58,3
DA:60,2
DA:61,2
DA:63,2
DA:70,2
DA:72,2
DA:79,2
DA:81,2
DA:82,10
DA:89,2
DA:91,2
DA:100,0
DA:102,2
DA:105,4
DA:106,4
DA:107,4
DA:109,6
DA:113,8
DA:114,4
DA:115,1
DA:118,3
DA:120,3
DA:121,3
DA:124,3
DA:129,3
DA:130,1
DA:133,2
DA:134,1
DA:138,1
DA:145,1
DA:148,1
DA:149,5
DA:156,1
DA:158,1
DA:161,2
DA:163,2
DA:164,0
DA:167,2
DA:170,3
DA:174,8
DA:175,6
DA:180,6
DA:183,8
DA:184,7
DA:189,7
LF:70
LH:68
BRDA:35,0,0,2
BRDA:35,0,1,6
BRDA:35,1,0,8
BRDA:35,1,1,7
BRDA:35,1,2,6
BRDA:45,2,0,1
BRDA:45,2,1,5
BRDA:48,3,0,2
BRDA:48,3,1,3
BRDA:50,4,0,1
BRDA:50,4,1,1
BRDA:54,5,0,1
BRDA:54,5,1,0
BRDA:58,6,0,1
BRDA:58,6,1,2
BRDA:67,7,0,2
BRDA:67,7,1,2
BRDA:106,8,0,0
BRDA:106,8,1,4
BRDA:114,9,0,1
BRDA:114,9,1,3
BRDA:114,10,0,4
BRDA:114,10,1,3
BRDA:114,10,2,3
BRDA:114,10,3,3
BRDA:129,11,0,1
BRDA:129,11,1,2
BRDA:133,12,0,1
BRDA:133,12,1,1
BRDA:163,13,0,0
BRDA:163,13,1,2
BRDA:167,14,0,2
BRDA:167,14,1,0
BRF:33
BRH:29
end_of_record
TN:
SF:src\modules\exception\exception.controller.js
FN:6,(anonymous_0)
FN:14,(anonymous_1)
FN:31,(anonymous_2)
FNF:3
FNH:0
FNDA:0,(anonymous_0)
FNDA:0,(anonymous_1)
FNDA:0,(anonymous_2)
DA:6,0
DA:7,0
DA:8,0
DA:10,0
DA:11,0
DA:14,0
DA:15,0
DA:17,0
DA:18,0
DA:20,0
DA:28,0
DA:31,0
DA:32,0
DA:33,0
DA:35,0
DA:36,0
LF:16
LH:0
BRDA:8,0,0,0
BRDA:8,0,1,0
BRDA:18,1,0,0
BRDA:18,1,1,0
BRDA:33,2,0,0
BRDA:33,2,1,0
BRF:6
BRH:0
end_of_record
TN:
SF:src\modules\exception\exception.routes.js
FNF:0
FNH:0
DA:8,0
DA:10,0
DA:11,0
DA:12,0
LF:4
LH:0
BRF:0
BRH:0
end_of_record
TN:
SF:src\modules\exception\exception.schema.js
FN:9,(anonymous_0)
FNF:1
FNH:0
FNDA:0,(anonymous_0)
DA:3,0
DA:10,0
DA:11,0
DA:17,0
DA:18,0
DA:24,0
DA:27,0
LF:7
LH:0
BRDA:10,0,0,0
BRDA:10,0,1,0
BRDA:10,1,0,0
BRDA:10,1,1,0
BRDA:10,1,2,0
BRDA:17,2,0,0
BRDA:17,2,1,0
BRDA:17,3,0,0
BRDA:17,3,1,0
BRDA:17,3,2,0
BRF:10
BRH:0
end_of_record
TN:
SF:src\modules\exception\exception.service.js
FN:3,(anonymous_0)
FN:4,(anonymous_1)
FN:6,(anonymous_2)
FN:14,(anonymous_3)
FN:34,(anonymous_4)
FNF:5
FNH:5
FNDA:8,(anonymous_0)
FNDA:9,(anonymous_1)
FNDA:1,(anonymous_2)
FNDA:10,(anonymous_3)
FNDA:4,(anonymous_4)
DA:3,8
DA:4,9
DA:6,1
DA:7,1
DA:11,1
DA:14,1
DA:16,10
DA:17,8
DA:19,7
DA:20,6
DA:21,5
DA:22,3
DA:25,2
DA:31,2
DA:34,1
DA:35,4
DA:36,2
DA:39,2
DA:44,2
DA:46,1
LF:20
LH:20
BRDA:14,0,0,10
BRDA:16,1,0,2
BRDA:16,1,1,8
BRDA:16,2,0,10
BRDA:16,2,1,9
BRDA:17,3,0,1
BRDA:17,3,1,7
BRDA:19,4,0,6
BRDA:19,4,1,1
BRDA:20,5,0,1
BRDA:20,5,1,5
BRDA:20,6,0,6
BRDA:20,6,1,5
BRDA:21,7,0,2
BRDA:21,7,1,3
BRDA:21,8,0,5
BRDA:21,8,1,4
BRDA:22,9,0,2
BRDA:22,9,1,1
BRDA:28,10,0,2
BRDA:28,10,1,1
BRDA:28,11,0,10
BRDA:28,11,1,1
BRDA:35,12,0,2
BRDA:35,12,1,2
BRDA:35,13,0,4
BRDA:35,13,1,3
BRDA:44,14,0,1
BRDA:44,14,1,1
BRF:29
BRH:29
end_of_record
TN:
SF:src\modules\guest\guest.controller.js
FN:5,(anonymous_0)
FN:20,(anonymous_1)
FN:25,(anonymous_2)
FNF:3
FNH:3
FNDA:1,(anonymous_0)
FNDA:1,(anonymous_1)
FNDA:1,(anonymous_2)
DA:5,1
DA:6,1
DA:7,1
DA:17,0
DA:20,1
DA:21,1
DA:22,1
DA:25,1
DA:26,1
DA:27,1
LF:10
LH:9
BRF:0
BRH:0
end_of_record
TN:
SF:src\modules\guest\guest.email.js
FN:1,(anonymous_0)
FNF:1
FNH:0
FNDA:0,(anonymous_0)
DA:1,2
DA:2,0
DA:4,0
LF:3
LH:1
BRF:0
BRH:0
end_of_record
TN:
SF:src\modules\guest\guest.routes.js
FNF:0
FNH:0
DA:7,1
DA:9,1
DA:10,1
DA:11,1
LF:4
LH:4
BRF:0
BRH:0
end_of_record
TN:
SF:src\modules\guest\guest.schema.js
FNF:0
FNH:0
DA:3,1
DA:14,1
DA:18,1
DA:22,1
LF:4
LH:4
BRF:0
BRH:0
end_of_record
TN:
SF:src\modules\guest\guest.service.js
FN:8,(anonymous_0)
FN:13,(anonymous_1)
FN:14,(anonymous_2)
FN:16,(anonymous_3)
FN:26,(anonymous_4)
FN:68,(anonymous_5)
FN:130,(anonymous_6)
FN:143,(anonymous_7)
FN:155,(anonymous_8)
FNF:9
FNH:6
FNDA:0,(anonymous_0)
FNDA:2,(anonymous_1)
FNDA:1,(anonymous_2)
FNDA:4,(anonymous_3)
FNDA:6,(anonymous_4)
FNDA:0,(anonymous_5)
FNDA:0,(anonymous_6)
FNDA:2,(anonymous_7)
FNDA:3,(anonymous_8)
DA:8,2
DA:9,0
DA:10,0
DA:13,2
DA:14,2
DA:16,2
DA:17,4
DA:21,4
DA:22,3
DA:23,2
DA:26,2
DA:27,6
DA:28,3
DA:30,3
DA:31,2
DA:32,1
DA:34,0
DA:35,0
DA:36,0
DA:37,0
DA:38,0
DA:41,0
DA:43,0
DA:44,0
DA:46,0
DA:51,0
DA:52,0
DA:54,0
DA:56,0
DA:62,0
DA:64,0
DA:65,0
DA:66,0
DA:68,0
DA:69,0
DA:70,0
DA:71,0
DA:74,0
DA:76,0
DA:81,0
DA:82,0
DA:83,0
DA:84,0
DA:85,0
DA:86,0
DA:90,0
DA:100,0
DA:102,0
DA:103,0
DA:109,0
DA:115,0
DA:117,0
DA:119,0
DA:130,0
DA:132,6
DA:135,0
DA:136,0
DA:137,0
DA:139,0
DA:143,2
DA:144,2
DA:152,2
DA:155,2
DA:156,3
DA:163,3
DA:164,2
LF:66
LH:22
BRDA:21,0,0,1
BRDA:21,0,1,3
BRDA:22,1,0,1
BRDA:22,1,1,2
BRDA:26,2,0,6
BRDA:27,3,0,3
BRDA:27,3,1,3
BRDA:27,4,0,6
BRDA:27,4,1,5
BRDA:27,4,2,4
BRDA:27,4,3,4
BRDA:27,4,4,3
BRDA:30,5,0,1
BRDA:30,5,1,2
BRDA:31,6,0,1
BRDA:31,6,1,1
BRDA:32,7,0,1
BRDA:32,7,1,0
BRDA:35,8,0,0
BRDA:35,8,1,0
BRDA:52,9,0,0
BRDA:52,9,1,0
BRDA:62,10,0,0
BRDA:62,10,1,0
BRDA:71,11,0,0
BRDA:71,11,1,0
BRDA:74,12,0,0
BRDA:74,12,1,0
BRDA:82,13,0,0
BRDA:82,13,1,0
BRDA:83,14,0,0
BRDA:83,14,1,0
BRDA:83,15,0,0
BRDA:83,15,1,0
BRDA:86,16,0,0
BRDA:86,16,1,0
BRDA:86,17,0,0
BRDA:86,17,1,0
BRDA:100,18,0,0
BRDA:100,18,1,0
BRDA:123,19,0,0
BRDA:123,19,1,0
BRDA:128,20,0,6
BRDA:128,20,1,0
BRDA:136,21,0,0
BRDA:136,21,1,0
BRDA:137,22,0,0
BRDA:137,22,1,0
BRDA:163,23,0,1
BRDA:163,23,1,2
BRF:50
BRH:20
end_of_record
TN:
SF:src\shared\db.js
FN:9,(anonymous_0)
FNF:1
FNH:0
FNDA:0,(anonymous_0)
DA:2,0
DA:4,0
DA:9,0
DA:10,0
LF:4
LH:0
BRF:0
BRH:0
end_of_record
TN:
SF:src\shared\email.service.js
FN:11,(anonymous_0)
FNF:1
FNH:1
FNDA:2,(anonymous_0)
DA:3,8
DA:11,8
DA:12,2
LF:3
LH:3
BRF:0
BRH:0
end_of_record
TN:
SF:src\shared\rut.js
FN:1,(anonymous_0)
FN:9,(anonymous_1)
FN:11,(anonymous_2)
FNF:3
FNH:3
FNDA:5,(anonymous_0)
FNDA:26,(anonymous_1)
FNDA:17,(anonymous_2)
DA:1,11
DA:2,5
DA:3,5
DA:4,5
DA:5,5
DA:6,5
DA:9,26
DA:11,11
DA:12,17
DA:13,17
DA:15,12
DA:16,12
DA:17,12
DA:18,12
DA:20,11
DA:21,11
DA:23,11
DA:24,83
DA:25,83
DA:28,11
DA:29,11
DA:32,11
DA:33,11
DA:34,9
DA:36,11
LF:25
LH:25
BRDA:3,0,0,0
BRDA:3,0,1,5
BRDA:13,1,0,5
BRDA:13,1,1,12
BRDA:18,2,0,1
BRDA:18,2,1,11
BRDA:18,3,0,12
BRDA:18,3,1,12
BRDA:25,4,0,11
BRDA:25,4,1,72
BRDA:32,5,0,0
BRDA:32,5,1,11
BRDA:33,6,0,2
BRDA:33,6,1,9
BRF:14
BRH:12
end_of_record
TN:
SF:src\utils\errors.js
FN:2,(anonymous_0)
FN:11,(anonymous_1)
FN:17,(anonymous_2)
FN:23,(anonymous_3)
FN:29,(anonymous_4)
FN:35,(anonymous_5)
FNF:6
FNH:2
FNDA:2,(anonymous_0)
FNDA:0,(anonymous_1)
FNDA:0,(anonymous_2)
FNDA:0,(anonymous_3)
FNDA:2,(anonymous_4)
FNDA:0,(anonymous_5)
DA:3,2
DA:4,2
DA:5,2
DA:6,2
DA:12,0
DA:18,0
DA:24,0
DA:30,2
DA:36,0
LF:9
LH:5
BRDA:11,0,0,0
BRDA:17,1,0,0
BRDA:23,2,0,0
BRDA:29,3,0,2
BRDA:35,4,0,0
BRF:5
BRH:1
end_of_record
TN:
SF:src\utils\logger.js
FN:3,(anonymous_0)
FNF:1
FNH:1
FNDA:8,(anonymous_0)
DA:3,6
DA:4,8
DA:5,8
DA:8,6
LF:4
LH:4
BRDA:4,0,0,8
BRDA:4,0,1,0
BRDA:9,1,0,6
BRDA:9,1,1,6
BRF:4
BRH:3
end_of_record
